<?xml version="1.0" encoding="UTF-8"?>
<testsuites>
  <testsuite name="CLI Arguments" tests="2" assertions="1" errors="1" failures="0" skipped="0" time="0.000586">
    <testsuite name="Tests\Feature\SuiteTwoFeatureTest" file="/home/tochas/ProjectInf/AutoGrading/working-project/tests/tests2/Feature/SuiteTwoFeatureTest.php" tests="1" assertions="0" errors="1" failures="0" skipped="0" time="0.000000">
      <testcase name="test_home_ok_in_suite_two" file="/home/tochas/ProjectInf/AutoGrading/working-project/tests/tests2/Feature/SuiteTwoFeatureTest.php" line="10" class="Tests\Feature\SuiteTwoFeatureTest" classname="Tests.Feature.SuiteTwoFeatureTest" assertions="0" time="0.000000">
        <error type="Illuminate\Contracts\Container\BindingResolutionException">Tests\Feature\SuiteTwoFeatureTest::test_home_ok_in_suite_two
Illuminate\Contracts\Container\BindingResolutionException: Target class [App\Console\Kernel] does not exist.

/home/tochas/ProjectInf/AutoGrading/working-project/vendor/laravel/framework/src/Illuminate/Container/Container.php:914
/home/tochas/ProjectInf/AutoGrading/working-project/vendor/laravel/framework/src/Illuminate/Container/Container.php:795
/home/tochas/ProjectInf/AutoGrading/working-project/vendor/laravel/framework/src/Illuminate/Foundation/Application.php:986
/home/tochas/ProjectInf/AutoGrading/working-project/vendor/laravel/framework/src/Illuminate/Container/Container.php:297
/home/tochas/ProjectInf/AutoGrading/working-project/vendor/laravel/framework/src/Illuminate/Container/Container.php:908
/home/tochas/ProjectInf/AutoGrading/working-project/vendor/laravel/framework/src/Illuminate/Container/Container.php:795
/home/tochas/ProjectInf/AutoGrading/working-project/vendor/laravel/framework/src/Illuminate/Foundation/Application.php:986
/home/tochas/ProjectInf/AutoGrading/working-project/vendor/laravel/framework/src/Illuminate/Container/Container.php:731
/home/tochas/ProjectInf/AutoGrading/working-project/vendor/laravel/framework/src/Illuminate/Foundation/Application.php:971
/home/tochas/ProjectInf/AutoGrading/working-project/tests/tests/CreatesApplication.php:14
/home/tochas/ProjectInf/AutoGrading/working-project/vendor/laravel/framework/src/Illuminate/Foundation/Testing/TestCase.php:50
/home/tochas/ProjectInf/AutoGrading/working-project/vendor/laravel/framework/src/Illuminate/Foundation/Testing/Concerns/InteractsWithTestCaseLifecycle.php:79
/home/tochas/ProjectInf/AutoGrading/working-project/vendor/laravel/framework/src/Illuminate/Foundation/Testing/TestCase.php:40</error>
      </testcase>
    </testsuite>
    <testsuite name="Tests\Unit\SuiteTwoUnitTest" file="/home/tochas/ProjectInf/AutoGrading/working-project/tests/tests2/Unit/SuiteTwoUnitTest.php" tests="1" assertions="1" errors="0" failures="0" skipped="0" time="0.000586">
      <testcase name="test_suite_two_marker" file="/home/tochas/ProjectInf/AutoGrading/working-project/tests/tests2/Unit/SuiteTwoUnitTest.php" line="10" class="Tests\Unit\SuiteTwoUnitTest" classname="Tests.Unit.SuiteTwoUnitTest" assertions="1" time="0.000586"/>
    </testsuite>
  </testsuite>
</testsuites>
